<?xml version="1.0" encoding="UTF-8"?>
<testsuite name="com.appynitty.ghantagaditracker.ExampleUnitTest" tests="1" skipped="0" failures="0" errors="0" timestamp="2021-01-08T09:39:10" hostname="ayesha" time="0.001">
  <properties/>
  <testcase name="addition_isCorrect" classname="com.appynitty.ghantagaditracker.ExampleUnitTest" time="0.001"/>
  <system-out><![CDATA[]]></system-out>
  <system-err><![CDATA[]]></system-err>
</testsuite>
